<?xml version="1.0" encoding="UTF-8"?>
<testng-results ignored="0" total="1" passed="1" failed="0" skipped="0">
  <reporter-output>
  </reporter-output>
  <suite started-at="2019-10-09T10:01:40Z" name="Default suite" finished-at="2019-10-09T10:01:52Z" duration-ms="12073">
    <groups>
    </groups>
    <test started-at="2019-10-09T10:01:40Z" name="Default test" finished-at="2019-10-09T10:01:52Z" duration-ms="12073">
      <class name="com.example.qa.testcases.GoogleSearchTest">
        <test-method is-config="true" signature="setUp()[pri:0, instance:com.example.qa.testcases.GoogleSearchTest@5ea434c8]" started-at="2019-10-09T15:31:40Z" name="setUp" finished-at="2019-10-09T15:31:47Z" duration-ms="7799" status="PASS">
          <reporter-output>
          </reporter-output>
        </test-method> <!-- setUp -->
        <test-method signature="loginTest()[pri:1, instance:com.example.qa.testcases.GoogleSearchTest@5ea434c8]" started-at="2019-10-09T15:31:47Z" name="loginTest" finished-at="2019-10-09T15:31:51Z" duration-ms="4001" status="PASS">
          <reporter-output>
          </reporter-output>
        </test-method> <!-- loginTest -->
        <test-method is-config="true" signature="tearDown()[pri:0, instance:com.example.qa.testcases.GoogleSearchTest@5ea434c8]" started-at="2019-10-09T15:31:51Z" name="tearDown" finished-at="2019-10-09T15:31:52Z" duration-ms="237" status="PASS">
          <reporter-output>
          </reporter-output>
        </test-method> <!-- tearDown -->
      </class> <!-- com.example.qa.testcases.GoogleSearchTest -->
    </test> <!-- Default test -->
  </suite> <!-- Default suite -->
</testng-results>
